<?xml version="1.0" encoding="UTF-8"?>
<!-- Generated by org.testng.reporters.JUnitXMLReporter -->
<testsuite hostname="IN5CG5130FLJ" ignored="0" name="Default test" tests="3" failures="0" timestamp="2019-09-27T20:51:22 IST" time="41.32" errors="0">
  <testcase name="loginpagetitleTest" time="0.115" classname="com.crm.qa.testdata.LoginTest"/>
  <testcase name="crmlogoImageTest" time="0.178" classname="com.crm.qa.testdata.LoginTest"/>
  <testcase name="loginTest" time="6.494" classname="com.crm.qa.testdata.LoginTest"/>
</testsuite> <!-- Default test -->
