<?xml version="1.0" encoding="UTF-8"?>
<testng-results skipped="0" failed="0" ignored="0" total="3" passed="3">
  <reporter-output>
  </reporter-output>
  <suite name="Default suite" duration-ms="41320" started-at="2019-09-27T20:50:40 IST" finished-at="2019-09-27T20:51:22 IST">
    <groups>
    </groups>
    <test name="Default test" duration-ms="41320" started-at="2019-09-27T20:50:40 IST" finished-at="2019-09-27T20:51:22 IST">
      <class name="com.crm.qa.testdata.LoginTest">
        <test-method status="PASS" signature="setUp()[pri:0, instance:com.crm.qa.testdata.LoginTest@7fac631b]" name="setUp" is-config="true" duration-ms="11233" started-at="2019-09-27T20:50:41 IST" finished-at="2019-09-27T20:50:52 IST">
          <reporter-output>
          </reporter-output>
        </test-method> <!-- setUp -->
        <test-method status="PASS" signature="loginpagetitleTest()[pri:1, instance:com.crm.qa.testdata.LoginTest@7fac631b]" name="loginpagetitleTest" duration-ms="115" started-at="2019-09-27T20:50:52 IST" finished-at="2019-09-27T20:50:52 IST">
          <reporter-output>
          </reporter-output>
        </test-method> <!-- loginpagetitleTest -->
        <test-method status="PASS" signature="tearDown()[pri:0, instance:com.crm.qa.testdata.LoginTest@7fac631b]" name="tearDown" is-config="true" duration-ms="1878" started-at="2019-09-27T20:50:52 IST" finished-at="2019-09-27T20:50:54 IST">
          <reporter-output>
          </reporter-output>
        </test-method> <!-- tearDown -->
        <test-method status="PASS" signature="setUp()[pri:0, instance:com.crm.qa.testdata.LoginTest@7fac631b]" name="setUp" is-config="true" duration-ms="9109" started-at="2019-09-27T20:50:54 IST" finished-at="2019-09-27T20:51:03 IST">
          <reporter-output>
          </reporter-output>
        </test-method> <!-- setUp -->
        <test-method status="PASS" signature="crmlogoImageTest()[pri:2, instance:com.crm.qa.testdata.LoginTest@7fac631b]" name="crmlogoImageTest" duration-ms="178" started-at="2019-09-27T20:51:03 IST" finished-at="2019-09-27T20:51:03 IST">
          <reporter-output>
          </reporter-output>
        </test-method> <!-- crmlogoImageTest -->
        <test-method status="PASS" signature="tearDown()[pri:0, instance:com.crm.qa.testdata.LoginTest@7fac631b]" name="tearDown" is-config="true" duration-ms="1529" started-at="2019-09-27T20:51:03 IST" finished-at="2019-09-27T20:51:05 IST">
          <reporter-output>
          </reporter-output>
        </test-method> <!-- tearDown -->
        <test-method status="PASS" signature="setUp()[pri:0, instance:com.crm.qa.testdata.LoginTest@7fac631b]" name="setUp" is-config="true" duration-ms="9008" started-at="2019-09-27T20:51:05 IST" finished-at="2019-09-27T20:51:14 IST">
          <reporter-output>
          </reporter-output>
        </test-method> <!-- setUp -->
        <test-method status="PASS" signature="loginTest()[pri:3, instance:com.crm.qa.testdata.LoginTest@7fac631b]" name="loginTest" duration-ms="6494" started-at="2019-09-27T20:51:14 IST" finished-at="2019-09-27T20:51:20 IST">
          <reporter-output>
          </reporter-output>
        </test-method> <!-- loginTest -->
        <test-method status="PASS" signature="tearDown()[pri:0, instance:com.crm.qa.testdata.LoginTest@7fac631b]" name="tearDown" is-config="true" duration-ms="1678" started-at="2019-09-27T20:51:20 IST" finished-at="2019-09-27T20:51:22 IST">
          <reporter-output>
          </reporter-output>
        </test-method> <!-- tearDown -->
      </class> <!-- com.crm.qa.testdata.LoginTest -->
    </test> <!-- Default test -->
  </suite> <!-- Default suite -->
</testng-results>
